<?xml version="1.0" encoding="UTF-8"?>
<testng-results ignored="0" total="1" passed="1" failed="0" skipped="0">
  <reporter-output>
  </reporter-output>
  <suite started-at="2026-02-21T19:56:24 IST" name="Default suite" finished-at="2026-02-21T19:56:35 IST" duration-ms="11394">
    <groups>
    </groups>
    <test started-at="2026-02-21T19:56:24 IST" name="Default test" finished-at="2026-02-21T19:56:35 IST" duration-ms="11394">
      <class name="Vishakha_Test_Pages.TC_04">
        <test-method is-config="true" signature="setup()[pri:0, instance:Vishakha_Test_Pages.TC_04@1e800aaa]" started-at="2026-02-21T19:56:24 IST" name="setup" finished-at="2026-02-21T19:56:33 IST" duration-ms="8920" status="PASS">
          <reporter-output>
          </reporter-output>
        </test-method> <!-- setup -->
        <test-method signature="verifyLayoutIntegrityOnSmallScreen()[pri:0, instance:Vishakha_Test_Pages.TC_04@1e800aaa]" started-at="2026-02-21T19:56:33 IST" name="verifyLayoutIntegrityOnSmallScreen" finished-at="2026-02-21T19:56:34 IST" duration-ms="1328" status="PASS">
          <reporter-output>
          </reporter-output>
        </test-method> <!-- verifyLayoutIntegrityOnSmallScreen -->
        <test-method is-config="true" signature="teardown()[pri:0, instance:Vishakha_Test_Pages.TC_04@1e800aaa]" started-at="2026-02-21T19:56:34 IST" name="teardown" finished-at="2026-02-21T19:56:35 IST" duration-ms="959" status="PASS">
          <reporter-output>
          </reporter-output>
        </test-method> <!-- teardown -->
      </class> <!-- Vishakha_Test_Pages.TC_04 -->
    </test> <!-- Default test -->
  </suite> <!-- Default suite -->
</testng-results>
